[www.faucethub.info/index.html]
[backblue.gif]
[fade.gif]
[index.html]
[www.faucethub.info/assets/img/favicon.png]
[www.faucethub.info/assets/css/bootstrap.min.css]
[www.faucethub.info/assets/css/ember.css]
[www.faucethub.info/assets/css/cards.css]
[www.faucethub.info/assets/img/logo.png]
[www.faucethub.info/cdn-cgi/l/email-protection.html]
[www.faucethub.info/assets/img/dogecoin.jpg]
[www.faucethub.info/assets/img/litecoin.jpg]
[www.faucethub.info/litecoin.html]
[www.faucethub.info/assets/img/footlogo.png]
[www.google-analytics.com/analytics.js]
[ajax.googleapis.com/ajax/libs/jquery/1.11.3/jquery.min.js]
[www.faucethub.info/assets/js/bootstrap.min.js]
[www.faucethub.info/index.html]
[coinzilla.io/serve/jslib/fb.js]
[www.faucethub.info/assets/img/facebook.html]
[s7.addthis.com/js/300/addthis_widget.js]
[www.faucethub.info/assets/css/bootstrap.min.css]
[www.faucethub.info/assets/css/ember.css]
[www.faucethub.info/assets/css/cards.css]
[www.faucethub.info/cdn-cgi/l/email-protection.html]
[www.faucethub.info/bitcoin.html]
[www.faucethub.info/assets/img/bitcoin.html]
[www.faucethub.info/dogecoin.html]
[www.faucethub.info/litecoin.html]
[www.faucethub.info/assets/fonts/glyphicons-halflings-regular.html]
[www.faucethub.info/assets/fonts/glyphicons-halflings-regulard41d.html]
[www.faucethub.info/assets/fonts/glyphicons-halflings-regular-2.html]
[www.faucethub.info/assets/fonts/glyphicons-halflings-regular-3.html]
[www.faucethub.info/assets/fonts/glyphicons-halflings-regular-4.html]
[www.faucethub.info/assets/fonts/glyphicons-halflings-regular-5.html]
